<?xml version="1.0" encoding="UTF-8"?>
<!-- Generated by org.testng.reporters.JUnitReportReporter -->
<testsuite hostname="DESKTOP-70O5IEP" failures="0" tests="1" name="CRUDWithoutBDD.PostRequest" time="2.103" errors="0" timestamp="21 Dec 2022 14:32:30 GMT">
  <testcase classname="CRUDWithoutBDD.PostRequest" name="addProject" time="2.103"/>
</testsuite> <!-- CRUDWithoutBDD.PostRequest -->
