<?xml version="1.0" encoding="UTF-8"?>
<!-- Generated by org.testng.reporters.JUnitReportReporter -->
<testsuite hostname="DESKTOP-70O5IEP" failures="0" tests="1" name="CRUDWithoutBDD.getAllProjects" time="1.514" errors="0" timestamp="21 Dec 2022 14:46:16 GMT">
  <testcase classname="CRUDWithoutBDD.getAllProjects" name="getsingle" time="1.514"/>
</testsuite> <!-- CRUDWithoutBDD.getAllProjects -->
