<?xml version="1.0" encoding="UTF-8"?>
<!-- Generated by org.testng.reporters.JUnitReportReporter -->
<testsuite hostname="DESKTOP-70O5IEP" failures="0" tests="1" name="CRUDOperation.DeleteProject" time="1.852" errors="0" timestamp="21 Dec 2022 13:59:09 GMT">
  <testcase classname="CRUDOperation.DeleteProject" name="delete" time="1.852"/>
</testsuite> <!-- CRUDOperation.DeleteProject -->
