<?xml version="1.0" encoding="UTF-8"?>
<!-- Generated by org.testng.reporters.JUnitReportReporter -->
<testsuite hostname="DESKTOP-70O5IEP" failures="0" tests="1" name="DifferentWaysToPostRequest.CreateProjectWithHashMap" time="2.702" errors="0" timestamp="27 Dec 2022 07:52:11 GMT">
  <testcase classname="DifferentWaysToPostRequest.CreateProjectWithHashMap" name="createproject" time="2.702"/>
</testsuite> <!-- DifferentWaysToPostRequest.CreateProjectWithHashMap -->
