<?xml version="1.0" encoding="UTF-8"?>
<!-- Generated by org.testng.reporters.JUnitReportReporter -->
<testsuite hostname="DESKTOP-70O5IEP" failures="1" tests="1" name="com.rmg.parametertest.getoneProjectUsingPathParam" time="0.022" errors="0" timestamp="1 Dec 2022 06:53:38 GMT">
  <testcase classname="com.rmg.parametertest.getoneProjectUsingPathParam" name="getRepoTest" time="0.022">
    <failure message="Unresolved compilation problems: 
	The method given() is undefined for the type getoneProjectUsingPathParam
	Syntax error on token &quot;.&quot;, delete this token
	The method when() is undefined for the type getoneProjectUsingPathParam
	Syntax error on token &quot;.&quot;, delete this token
	The method then() is undefined for the type getoneProjectUsingPathParam
" type="java.lang.Error">
      <![CDATA[java.lang.Error: Unresolved compilation problems: 
	The method given() is undefined for the type getoneProjectUsingPathParam
	Syntax error on token ".", delete this token
	The method when() is undefined for the type getoneProjectUsingPathParam
	Syntax error on token ".", delete this token
	The method then() is undefined for the type getoneProjectUsingPathParam

	at com.rmg.parametertest.getoneProjectUsingPathParam.getRepoTest(getoneProjectUsingPathParam.java:12)
	at java.base/jdk.internal.reflect.NativeMethodAccessorImpl.invoke0(Native Method)
	at java.base/jdk.internal.reflect.NativeMethodAccessorImpl.invoke(NativeMethodAccessorImpl.java:77)
	at java.base/jdk.internal.reflect.DelegatingMethodAccessorImpl.invoke(DelegatingMethodAccessorImpl.java:43)
	at java.base/java.lang.reflect.Method.invoke(Method.java:568)
	at org.testng.internal.MethodInvocationHelper.invokeMethod(MethodInvocationHelper.java:84)
	at org.testng.internal.Invoker.invokeMethod(Invoker.java:714)
	at org.testng.internal.Invoker.invokeTestMethod(Invoker.java:901)
	at org.testng.internal.Invoker.invokeTestMethods(Invoker.java:1231)
	at org.testng.internal.TestMethodWorker.invokeTestMethods(TestMethodWorker.java:127)
	at org.testng.internal.TestMethodWorker.run(TestMethodWorker.java:111)
	at org.testng.TestRunner.privateRun(TestRunner.java:767)
	at org.testng.TestRunner.run(TestRunner.java:617)
	at org.testng.SuiteRunner.runTest(SuiteRunner.java:348)
	at org.testng.SuiteRunner.runSequentially(SuiteRunner.java:343)
	at org.testng.SuiteRunner.privateRun(SuiteRunner.java:305)
	at org.testng.SuiteRunner.run(SuiteRunner.java:254)
	at org.testng.SuiteRunnerWorker.runSuite(SuiteRunnerWorker.java:52)
	at org.testng.SuiteRunnerWorker.run(SuiteRunnerWorker.java:86)
	at org.testng.TestNG.runSuitesSequentially(TestNG.java:1224)
	at org.testng.TestNG.runSuitesLocally(TestNG.java:1149)
	at org.testng.TestNG.run(TestNG.java:1057)
	at org.testng.remote.AbstractRemoteTestNG.run(AbstractRemoteTestNG.java:115)
	at org.testng.remote.RemoteTestNG.initAndRun(RemoteTestNG.java:251)
	at org.testng.remote.RemoteTestNG.main(RemoteTestNG.java:77)
]]>
    </failure>
  </testcase> <!-- getRepoTest -->
</testsuite> <!-- com.rmg.parametertest.getoneProjectUsingPathParam -->
