<?xml version="1.0" encoding="UTF-8"?>
<!-- Generated by org.testng.reporters.JUnitReportReporter -->
<testsuite hostname="DESKTOP-70O5IEP" failures="0" tests="1" name="com.rmg.projectTest.java.SampleProjectTest" time="1.457" errors="0" timestamp="12 Dec 2022 18:35:51 GMT">
  <testcase classname="com.rmg.projectTest.java.SampleProjectTest" name="getAllProjectTest" time="1.457"/>
</testsuite> <!-- com.rmg.projectTest.java.SampleProjectTest -->
