<?xml version="1.0" encoding="UTF-8"?>
<!-- Generated by org.testng.reporters.JUnitReportReporter -->
<testsuite hostname="DESKTOP-70O5IEP" failures="0" tests="1" name="DifferentWaysToPostRequest.CreateProjectWithJsonFile" time="1.764" errors="0" timestamp="27 Dec 2022 07:54:38 GMT">
  <testcase classname="DifferentWaysToPostRequest.CreateProjectWithJsonFile" name="createProject" time="1.764"/>
</testsuite> <!-- DifferentWaysToPostRequest.CreateProjectWithJsonFile -->
