<?xml version="1.0" encoding="UTF-8"?>
<!-- Generated by org.testng.reporters.JUnitReportReporter -->
<testsuite hostname="DESKTOP-70O5IEP" failures="0" tests="1" name="CRUDOperation.getAllProjects" time="1.974" errors="0" timestamp="21 Dec 2022 13:54:54 GMT">
  <testcase classname="CRUDOperation.getAllProjects" name="getTest" time="1.974"/>
</testsuite> <!-- CRUDOperation.getAllProjects -->
