<?xml version="1.0" encoding="UTF-8"?>
<!-- Generated by org.testng.reporters.JUnitReportReporter -->
<testsuite hostname="DESKTOP-70O5IEP" failures="0" tests="1" name="CRUDOperation.POSTRequest" time="1.608" errors="0" timestamp="21 Dec 2022 14:29:20 GMT">
  <testcase classname="CRUDOperation.POSTRequest" name="PostRequest" time="1.608"/>
</testsuite> <!-- CRUDOperation.POSTRequest -->
