<?xml version="1.0" encoding="UTF-8"?>
<!-- Generated by org.testng.reporters.JUnitReportReporter -->
<testsuite hostname="DESKTOP-70O5IEP" failures="0" tests="1" name="DifferentWaysToPostRequest.CreateProjectWithJsonObject" time="2.346" errors="0" timestamp="22 Dec 2022 09:11:41 GMT">
  <testcase classname="DifferentWaysToPostRequest.CreateProjectWithJsonObject" name="createproj" time="2.346"/>
</testsuite> <!-- DifferentWaysToPostRequest.CreateProjectWithJsonObject -->
