<?xml version="1.0" encoding="UTF-8"?>
<!-- Generated by org.testng.reporters.JUnitReportReporter -->
<testsuite hostname="DESKTOP-70O5IEP" failures="0" tests="1" name="com.rmg.projectTest.java.demo" time="2.208" errors="0" timestamp="1 Dec 2022 06:29:22 GMT">
  <testcase classname="com.rmg.projectTest.java.demo" name="demo" time="2.208"/>
</testsuite> <!-- com.rmg.projectTest.java.demo -->
