<?xml version="1.0" encoding="UTF-8"?>
<!-- Generated by org.testng.reporters.JUnitReportReporter -->
<testsuite hostname="DESKTOP-70O5IEP" failures="0" tests="1" name="CRUDOperation.GetRequest" time="1.591" errors="0" timestamp="21 Dec 2022 09:37:41 GMT">
  <testcase classname="CRUDOperation.GetRequest" name="getTest" time="1.591"/>
</testsuite> <!-- CRUDOperation.GetRequest -->
