<?xml version="1.0" encoding="UTF-8"?>
<!-- Generated by org.testng.reporters.JUnitReportReporter -->
<testsuite hostname="DESKTOP-70O5IEP" failures="0" tests="1" name="CRUDWithoutBDD.getSingleProject" time="1.804" errors="0" timestamp="21 Dec 2022 14:45:54 GMT">
  <testcase classname="CRUDWithoutBDD.getSingleProject" name="getsingle" time="1.804"/>
</testsuite> <!-- CRUDWithoutBDD.getSingleProject -->
