<?xml version="1.0" encoding="UTF-8"?>
<!-- Generated by org.testng.reporters.JUnitReportReporter -->
<testsuite hostname="DESKTOP-70O5IEP" failures="0" tests="1" name="CRUDOperation.getSingleProject" time="2.493" errors="0" timestamp="26 Dec 2022 08:41:21 GMT">
  <testcase classname="CRUDOperation.getSingleProject" name="GetSingleProject" time="2.493"/>
</testsuite> <!-- CRUDOperation.getSingleProject -->
